Loaded module: clang/9.0.0
Loaded module: studio/12u6
N size = 40, Threads = 2
Start - Gauss Seidel Red Black:
Iterations 812 - Difference: 0.099706 - Threshold: 0.100000
Done!
real 0.19
user 0.36
sys 0.00
N size = 40, Threads = 4
Start - Gauss Seidel Red Black:
Iterations 812 - Difference: 0.099706 - Threshold: 0.100000
Done!
real 0.11
user 0.42
sys 0.00
N size = 40, Threads = 8
Start - Gauss Seidel Red Black:
Iterations 812 - Difference: 0.099706 - Threshold: 0.100000
Done!
real 0.09
user 0.68
sys 0.00
N size = 40, Threads = 12
Start - Gauss Seidel Red Black:
Iterations 812 - Difference: 0.099706 - Threshold: 0.100000
Done!
real 0.06
user 0.65
sys 0.00
N size = 40, Threads = 16
Start - Gauss Seidel Red Black:
Iterations 812 - Difference: 0.099706 - Threshold: 0.100000
Done!
real 0.06
user 0.88
sys 0.01
N size = 40, Threads = 20
Start - Gauss Seidel Red Black:
Iterations 812 - Difference: 0.099706 - Threshold: 0.100000
Done!
real 0.06
user 1.04
sys 0.02
N size = 80, Threads = 2
Start - Gauss Seidel Red Black:
Iterations 3110 - Difference: 0.099848 - Threshold: 0.100000
Done!
real 5.60
user 11.17
sys 0.00
N size = 80, Threads = 4
Start - Gauss Seidel Red Black:
Iterations 3110 - Difference: 0.099848 - Threshold: 0.100000
Done!
real 3.03
user 12.06
sys 0.05
N size = 80, Threads = 8
Start - Gauss Seidel Red Black:
Iterations 3110 - Difference: 0.099848 - Threshold: 0.100000
Done!
real 1.70
user 13.48
sys 0.10
N size = 80, Threads = 12
Start - Gauss Seidel Red Black:
Iterations 3110 - Difference: 0.099848 - Threshold: 0.100000
Done!
real 1.26
user 14.75
sys 0.24
N size = 80, Threads = 16
Start - Gauss Seidel Red Black:
Iterations 3110 - Difference: 0.099848 - Threshold: 0.100000
Done!
real 0.91
user 14.26
sys 0.14
N size = 80, Threads = 20
Start - Gauss Seidel Red Black:
Iterations 3110 - Difference: 0.099848 - Threshold: 0.100000
Done!
real 0.91
user 17.94
sys 0.09
N size = 120, Threads = 2
Start - Gauss Seidel Red Black:
Iterations 6761 - Difference: 0.099953 - Threshold: 0.100000
Done!
real 41.14
user 82.23
sys 0.02
N size = 120, Threads = 4
Start - Gauss Seidel Red Black:
Iterations 6761 - Difference: 0.099953 - Threshold: 0.100000
Done!
real 21.91
user 87.29
sys 0.29
N size = 120, Threads = 8
Start - Gauss Seidel Red Black:
Iterations 6761 - Difference: 0.099953 - Threshold: 0.100000
Done!
real 11.26
user 89.73
sys 0.28
N size = 120, Threads = 12
Start - Gauss Seidel Red Black:
Iterations 6761 - Difference: 0.099953 - Threshold: 0.100000
Done!
real 8.05
user 95.58
sys 0.83
N size = 120, Threads = 16
Start - Gauss Seidel Red Black:
Iterations 6761 - Difference: 0.099953 - Threshold: 0.100000
Done!
real 6.88
user 108.47
sys 1.38
N size = 120, Threads = 20
Start - Gauss Seidel Red Black:
Iterations 6761 - Difference: 0.099953 - Threshold: 0.100000
Done!
real 5.82
user 114.00
sys 2.09
N size = 160, Threads = 2
Start - Gauss Seidel Red Black:
Iterations 11699 - Difference: 0.099964 - Threshold: 0.100000
Done!
real 173.65
user 347.11
sys 0.14
N size = 160, Threads = 4
Start - Gauss Seidel Red Black:
Iterations 11699 - Difference: 0.099964 - Threshold: 0.100000
Done!
real 88.50
user 353.25
sys 0.62
N size = 160, Threads = 8
Start - Gauss Seidel Red Black:
Iterations 11699 - Difference: 0.099964 - Threshold: 0.100000
Done!
real 46.40
user 369.40
sys 1.60
N size = 160, Threads = 12
Start - Gauss Seidel Red Black:
Iterations 11699 - Difference: 0.099964 - Threshold: 0.100000
Done!
real 32.42
user 385.84
sys 2.85
N size = 160, Threads = 16
Start - Gauss Seidel Red Black:
Iterations 11699 - Difference: 0.099964 - Threshold: 0.100000
Done!
real 25.00
user 396.74
sys 2.87
N size = 160, Threads = 20
Start - Gauss Seidel Red Black:
Iterations 11699 - Difference: 0.099964 - Threshold: 0.100000
Done!
real 19.72
user 391.54
sys 2.27
N size = 200, Threads = 2
Start - Gauss Seidel Red Black:
Iterations 17875 - Difference: 0.099979 - Threshold: 0.100000
Done!
real 520.18
user 1039.68
sys 0.52
N size = 200, Threads = 4
Start - Gauss Seidel Red Black:
Iterations 17875 - Difference: 0.099979 - Threshold: 0.100000
Done!
real 266.05
user 1062.92
sys 1.09
N size = 200, Threads = 8
Start - Gauss Seidel Red Black:
Iterations 17875 - Difference: 0.099979 - Threshold: 0.100000
Done!
real 138.29
user 1103.23
sys 2.76
N size = 200, Threads = 12
Start - Gauss Seidel Red Black:
Iterations 17875 - Difference: 0.099979 - Threshold: 0.100000
Done!
real 98.65
user 1177.35
sys 5.90
N size = 200, Threads = 16
Start - Gauss Seidel Red Black:
Iterations 17875 - Difference: 0.099979 - Threshold: 0.100000
Done!
real 85.07
user 1347.20
sys 13.24
N size = 200, Threads = 20
Start - Gauss Seidel Red Black:
Iterations 17875 - Difference: 0.099979 - Threshold: 0.100000
Done!
real 72.07
user 1423.89
sys 16.56

------------------------------------------------------------
Sender: LSF System <lsfadmin@n-62-21-37>
Subject: Job 5112057: <gauss-rb-test> in cluster <dcc> Done

Job <gauss-rb-test> was submitted from host <n-62-30-5> by user <s153587> in cluster <dcc> at Fri Jan 17 16:11:25 2020
Job was executed on host(s) <24*n-62-21-37>, in queue <hpcintro>, as user <s153587> in cluster <dcc> at Fri Jan 17 16:50:48 2020
</zhome/76/0/108672> was used as the home directory.
</zhome/76/0/108672/HPC_kursus/git/HPC2020/Assignments/Assignment02/Poisson3D_version_final> was used as the working directory.
Started at Fri Jan 17 16:50:48 2020
Terminated at Fri Jan 17 17:18:44 2020
Results reported at Fri Jan 17 17:18:44 2020

Your job looked like:

------------------------------------------------------------
# LSBATCH: User input
#!/bin/bash

#BSUB -J gauss-rb-test
#BSUB -o output_gs_rb/gs_%J.out
#BSUB -q hpcintro
#BSUB -n 24
#BSUB -R "rusage[mem=2048]"
#BSUB -R "span[hosts=1]"
#BSUB -W 01:00
module load clang/9.0.0
module load studio

./runbatch_gs_rb.sh


------------------------------------------------------------

Successfully completed.

Resource usage summary:

    CPU time :                                   10121.45 sec.
    Max Memory :                                 129 MB
    Average Memory :                             108.39 MB
    Total Requested Memory :                     49152.00 MB
    Delta Memory :                               49023.00 MB
    Max Swap :                                   -
    Max Processes :                              6
    Max Threads :                                26
    Run time :                                   1676 sec.
    Turnaround time :                            4039 sec.

The output (if any) is above this job summary.

