Loaded module: studio/12u6
Loaded module: clang/9.0.0
N size = 40, Threads = 2
Start - Jacobi:
Iterations 1410 - Difference: 0.099897 - Threshold: 0.100000
Done!
real 0.19
user 0.35
sys 0.00
N size = 40, Threads = 4
Start - Jacobi:
Iterations 1410 - Difference: 0.099897 - Threshold: 0.100000
Done!
real 0.10
user 0.39
sys 0.00
N size = 40, Threads = 8
Start - Jacobi:
Iterations 1410 - Difference: 0.099897 - Threshold: 0.100000
Done!
real 0.06
user 0.50
sys 0.00
N size = 40, Threads = 12
Start - Jacobi:
Iterations 1410 - Difference: 0.099897 - Threshold: 0.100000
Done!
real 0.07
user 0.69
sys 0.01
N size = 40, Threads = 16
Start - Jacobi:
Iterations 1410 - Difference: 0.099897 - Threshold: 0.100000
Done!
real 0.06
user 0.80
sys 0.01
N size = 40, Threads = 20
Start - Jacobi:
Iterations 1410 - Difference: 0.099897 - Threshold: 0.100000
Done!
real 0.06
user 1.07
sys 0.04
N size = 80, Threads = 2
Start - Jacobi:
Iterations 5342 - Difference: 0.099977 - Threshold: 0.100000
Done!
real 5.57
user 11.10
sys 0.01
N size = 80, Threads = 4
Start - Jacobi:
Iterations 5342 - Difference: 0.099977 - Threshold: 0.100000
Done!
real 2.93
user 11.64
sys 0.04
N size = 80, Threads = 8
Start - Jacobi:
Iterations 5342 - Difference: 0.099977 - Threshold: 0.100000
Done!
real 1.56
user 12.34
sys 0.06
N size = 80, Threads = 12
Start - Jacobi:
Iterations 5342 - Difference: 0.099977 - Threshold: 0.100000
Done!
real 1.07
user 12.63
sys 0.10
N size = 80, Threads = 16
Start - Jacobi:
Iterations 5342 - Difference: 0.099977 - Threshold: 0.100000
Done!
real 0.80
user 12.46
sys 0.05
N size = 80, Threads = 20
Start - Jacobi:
Iterations 5342 - Difference: 0.099977 - Threshold: 0.100000
Done!
real 0.73
user 14.12
sys 0.20
N size = 120, Threads = 2
Start - Jacobi:
Iterations 11532 - Difference: 0.099995 - Threshold: 0.100000
Done!
real 40.54
user 81.03
sys 0.04
N size = 120, Threads = 4
Start - Jacobi:
Iterations 11532 - Difference: 0.099995 - Threshold: 0.100000
Done!
real 20.84
user 83.17
sys 0.16
N size = 120, Threads = 8
Start - Jacobi:
Iterations 11532 - Difference: 0.099995 - Threshold: 0.100000
Done!
real 10.68
user 85.00
sys 0.30
N size = 120, Threads = 12
Start - Jacobi:
Iterations 11532 - Difference: 0.099995 - Threshold: 0.100000
Done!
real 7.29
user 86.90
sys 0.41
N size = 120, Threads = 16
Start - Jacobi:
Iterations 11532 - Difference: 0.099995 - Threshold: 0.100000
Done!
real 5.90
user 93.42
sys 0.64
N size = 120, Threads = 20
Start - Jacobi:
Iterations 11532 - Difference: 0.099995 - Threshold: 0.100000
Done!
real 4.62
user 91.47
sys 0.62
N size = 160, Threads = 2
Start - Jacobi:
Iterations 19846 - Difference: 0.099991 - Threshold: 0.100000
Done!
real 179.20
user 358.13
sys 0.25
N size = 160, Threads = 4
Start - Jacobi:
Iterations 19846 - Difference: 0.099991 - Threshold: 0.100000
Done!
real 90.81
user 362.95
sys 0.23
N size = 160, Threads = 8
Start - Jacobi:
Iterations 19846 - Difference: 0.099991 - Threshold: 0.100000
Done!
real 47.77
user 380.92
sys 1.05
N size = 160, Threads = 12
Start - Jacobi:
Iterations 19846 - Difference: 0.099991 - Threshold: 0.100000
Done!
real 34.04
user 405.43
sys 2.65
N size = 160, Threads = 16
Start - Jacobi:
Iterations 19846 - Difference: 0.099991 - Threshold: 0.100000
Done!
real 27.54
user 436.62
sys 3.55
N size = 160, Threads = 20
Start - Jacobi:
Iterations 19846 - Difference: 0.099991 - Threshold: 0.100000
Done!
real 24.70
user 488.35
sys 4.89
N size = 200, Threads = 2
Start - Jacobi:
Iterations 30187 - Difference: 0.099993 - Threshold: 0.100000
Done!
real 534.17
user 1067.59
sys 0.75
N size = 200, Threads = 4
Start - Jacobi:
Iterations 30187 - Difference: 0.099993 - Threshold: 0.100000
Done!
real 267.52
user 1068.73
sys 1.24
N size = 200, Threads = 8
Start - Jacobi:
Iterations 30187 - Difference: 0.099993 - Threshold: 0.100000
Done!
real 137.60
user 1098.70
sys 1.72
N size = 200, Threads = 12
Start - Jacobi:
Iterations 30187 - Difference: 0.099993 - Threshold: 0.100000
Done!
real 109.49
user 1299.29
sys 13.93
N size = 200, Threads = 16
Start - Jacobi:
Iterations 30187 - Difference: 0.099993 - Threshold: 0.100000
Done!
real 81.88
user 1300.82
sys 8.30
N size = 200, Threads = 20
Start - Jacobi:
Iterations 30187 - Difference: 0.099993 - Threshold: 0.100000
Done!
real 78.60
user 1561.45
sys 9.39

------------------------------------------------------------
Sender: LSF System <lsfadmin@n-62-21-27>
Subject: Job 5111961: <j-test> in cluster <dcc> Done

Job <j-test> was submitted from host <n-62-30-5> by user <s153587> in cluster <dcc> at Fri Jan 17 16:10:51 2020
Job was executed on host(s) <24*n-62-21-27>, in queue <hpcintro>, as user <s153587> in cluster <dcc> at Fri Jan 17 16:50:48 2020
</zhome/76/0/108672> was used as the home directory.
</zhome/76/0/108672/HPC_kursus/git/HPC2020/Assignments/Assignment02/Poisson3D_version_final> was used as the working directory.
Started at Fri Jan 17 16:50:48 2020
Terminated at Fri Jan 17 17:19:25 2020
Results reported at Fri Jan 17 17:19:25 2020

Your job looked like:

------------------------------------------------------------
# LSBATCH: User input
#!/bin/bash

#BSUB -J j-test
#BSUB -o output_j/j_%J.out
#BSUB -q hpcintro
#BSUB -n 24
#BSUB -R "span[hosts=1]"
#BSUB -R "rusage[mem=2048]"
#BSUB -W 01:00

module load studio
module load clang/9.0.0

./runbatch_j.sh


------------------------------------------------------------

Successfully completed.

Resource usage summary:

    CPU time :                                   10481.23 sec.
    Max Memory :                                 193 MB
    Average Memory :                             157.62 MB
    Total Requested Memory :                     49152.00 MB
    Delta Memory :                               48959.00 MB
    Max Swap :                                   -
    Max Processes :                              6
    Max Threads :                                26
    Run time :                                   1717 sec.
    Turnaround time :                            4114 sec.

The output (if any) is above this job summary.

